<?xml version="1.0" encoding="utf-8"?><testsuites name="pytest tests"><testsuite name="pytest" errors="0" failures="0" skipped="0" tests="19" time="9.480" timestamp="2026-06-07T07:56:19.202619+00:00" hostname="agent-env-75076706-bfeb-46e0-950a-ea44695de8da"><testcase classname="backend.tests.backend_test.TestAuth" name="test_login_admin" time="0.442" /><testcase classname="backend.tests.backend_test.TestAuth" name="test_login_invalid" time="0.332" /><testcase classname="backend.tests.backend_test.TestAuth" name="test_register_and_duplicate" time="0.455" /><testcase classname="backend.tests.backend_test.TestAuth" name="test_me_with_bearer" time="0.461" /><testcase classname="backend.tests.backend_test.TestAuth" name="test_me_no_auth" time="0.110" /><testcase classname="backend.tests.backend_test.TestBudget" name="test_get_settings" time="0.456" /><testcase classname="backend.tests.backend_test.TestBudget" name="test_update_settings_valid" time="0.253" /><testcase classname="backend.tests.backend_test.TestBudget" name="test_update_settings_bad_sum" time="0.137" /><testcase classname="backend.tests.backend_test.TestTransactions" name="test_create_expense" time="0.104" /><testcase classname="backend.tests.backend_test.TestTransactions" name="test_create_income_forces_bucket_income" time="0.107" /><testcase classname="backend.tests.backend_test.TestTransactions" name="test_list_transactions" time="0.101" /><testcase classname="backend.tests.backend_test.TestTransactions" name="test_delete_transaction" time="0.308" /><testcase classname="backend.tests.backend_test.TestTransactions" name="test_delete_unknown" time="0.098" /><testcase classname="backend.tests.backend_test.TestGoals" name="test_create_goal" time="0.097" /><testcase classname="backend.tests.backend_test.TestGoals" name="test_list_goals" time="0.145" /><testcase classname="backend.tests.backend_test.TestGoals" name="test_update_goal" time="0.112" /><testcase classname="backend.tests.backend_test.TestGoals" name="test_delete_goal" time="0.205" /><testcase classname="backend.tests.backend_test.TestDashboard" name="test_dashboard_structure" time="0.098" /><testcase classname="backend.tests.backend_test.TestAdvisor" name="test_advisor_ask" time="5.311" /></testsuite></testsuites>